C51 COMPILER V9.59.0.0   RGB                                                               09/05/2019 22:10:00 PAGE 1   


C51 COMPILER V9.59.0.0, COMPILATION OF MODULE RGB
OBJECT MODULE PLACED IN .\Objects\RGB.obj
COMPILER INVOKED BY: C:\Keil_v5\C51\BIN\C51.EXE RGB.c OPTIMIZE(8,SPEED) BROWSE DEBUG OBJECTEXTEND PRINT(.\Listings\RGB.l
                    -st) OBJECT(.\Objects\RGB.obj)

line level    source

   1          #include "STC89C5x.h"
   2          #include "RGB.h"
   3          #include "ioConfig.h"
   4          
   5          unsigned char R_value=50;
   6          unsigned char G_value=50;
   7          unsigned char B_value=50;
   8          
   9          void RGB_init(void)//100us秒中断一次
  10          {
  11   1      //    TMOD |= 0x10;
  12   1      //    TH1 = 0x0FF;
  13   1      //    TL1 = 0x0A4;
  14   1      //    EA = 1;
  15   1      //    ET1 = 1;
  16   1      //    TR1 = 1;
  17   1              T2MOD = 0;              //初始化模式寄存器
  18   1              T2CON = 0;              //初始化控制寄存器
  19   1              TL2 = 0xFF;             //设置定时初值
  20   1              TH2 = 0xA4;             //设置定时初值
  21   1              RCAP2L = 0xFF;          //设置定时重载值
  22   1              RCAP2H = 0xA4;          //设置定时重载值
  23   1              TR2 = 1;                //定时器2开始计时       
  24   1              ET2 =1;
  25   1              
  26   1              LEDR=1;
  27   1              LEDG=1;
  28   1          LEDB=1;
  29   1              
  30   1      }
  31          void Timer1Interrupt(void) interrupt 5 using 1
  32          {
  33   1              static unsigned char i=0;
  34   1      //    T2MOD = 0;                //初始化模式寄存器
  35   1      //      T2CON = 0;              //初始化控制寄存器
  36   1          //add your code here!
  37   1              i++;
  38   1              if(i>=255)
  39   1              {
  40   2                      i=0;
  41   2                      if(R_value!=0)
  42   2                              LEDR=0;
  43   2                      else
  44   2                              LEDR=1;
  45   2                      if(G_value!=0)
  46   2                              LEDG=0;
  47   2                      else
  48   2                              LEDG=1;
  49   2                      if(B_value!=0)
  50   2                              LEDB=0;
  51   2                      else
  52   2                              LEDB=1;
  53   2              }
  54   1              else{
C51 COMPILER V9.59.0.0   RGB                                                               09/05/2019 22:10:00 PAGE 2   

  55   2                      if(i==R_value)
  56   2                              LEDR=1;
  57   2                      if(i==G_value)
  58   2                              LEDG=1;
  59   2                      if(i==B_value)
  60   2                              LEDB=1;
  61   2              }
  62   1      
  63   1                      
  64   1              
  65   1      }


MODULE INFORMATION:   STATIC OVERLAYABLE
   CODE SIZE        =    106    ----
   CONSTANT SIZE    =   ----    ----
   XDATA SIZE       =   ----    ----
   PDATA SIZE       =   ----    ----
   DATA SIZE        =      4    ----
   IDATA SIZE       =   ----    ----
   BIT SIZE         =   ----    ----
END OF MODULE INFORMATION.


C51 COMPILATION COMPLETE.  0 WARNING(S),  0 ERROR(S)
