C51 COMPILER V9.59.0.0   RTX                                                               09/04/2019 17:00:39 PAGE 1   


C51 COMPILER V9.59.0.0, COMPILATION OF MODULE RTX
OBJECT MODULE PLACED IN .\Objects\rtx.obj
COMPILER INVOKED BY: C:\Keil_v5\C51\BIN\C51.EXE rtx.c OPTIMIZE(8,SPEED) BROWSE DEBUG OBJECTEXTEND PRINT(.\Listings\rtx.l
                    -st) OBJECT(.\Objects\rtx.obj)

line level    source

   1          #include "rtx51tny.h"
   2          #include "reg52.h"
   3          #include "ioConfig.h"
   4          #include "RGB.h"
   5          #include "uart.h"
   6          
   7          #define OSINIT                  0
   8          #define LED                     1
   9          
  10          /****************************初始化和创建任务**************************************************/
  11          osInitTask() _task_ OSINIT
  12          {
  13   1              RGB_init();
  14   1              InitUART();
  15   1              
  16   1              os_create_task(LED);    
  17   1              
  18   1              os_delete_task(OSINIT);
  19   1              
  20   1              return 0;
  21   1      }
  22          
  23          ///*****************************LED闪烁，用来提示软件在正常运行*******************************************
             -************/
  24          ledTask() _task_ LED
  25          {
  26   1              
  27   1              while(1)
  28   1              {
  29   2                      LED1=0;
  30   2                      os_wait(K_TMO,100,0);   
  31   2                      LED1=1;
  32   2                      os_wait(K_TMO,100,0);
  33   2                      SendOneByte(0x11);
  34   2              }
  35   1      }


MODULE INFORMATION:   STATIC OVERLAYABLE
   CODE SIZE        =     51    ----
   CONSTANT SIZE    =   ----    ----
   XDATA SIZE       =   ----    ----
   PDATA SIZE       =   ----    ----
   DATA SIZE        =   ----    ----
   IDATA SIZE       =   ----    ----
   BIT SIZE         =   ----    ----
END OF MODULE INFORMATION.


C51 COMPILATION COMPLETE.  0 WARNING(S),  0 ERROR(S)
