C51 COMPILER V9.59.0.0   MAIN                                                              10/13/2019 20:42:21 PAGE 1   


C51 COMPILER V9.59.0.0, COMPILATION OF MODULE MAIN
OBJECT MODULE PLACED IN .\Objects\main.obj
COMPILER INVOKED BY: C:\Keil_v5\C51\BIN\C51.EXE main.c OPTIMIZE(8,SPEED) BROWSE INCDIR(.\SRC) DEBUG OBJECTEXTEND PRINT(.
                    -\Listings\main.lst) OBJECT(.\Objects\main.obj)

line level    source

   1          #include <STC89C52.h>
   2          #include "uart.h"
   3          #include "config.h"
   4          #include "oled.h"
   5          
   6          void delay(unsigned int i)
   7          {
   8   1              while(i--);
   9   1      }
  10          void main()
  11          {
  12   1              unsigned char len;
  13   1              unsigned int i=0;
  14   1              unsigned char sdat[]="00";
  15   1              InitUART();
  16   1              OLED_Init();
  17   1              OLED_Clear();
  18   1              OLED_ShowString(0,0, "car light system",16);
  19   1              OLED_ShowString(0,2, "speed:",16);
  20   1              while(1)
  21   1              {
  22   2                      i++;
  23   2                      if(i>=20000){
  24   3                              i=0;
  25   3                              if(Kup==0){
  26   4                                      delay(100);
  27   4                                      if(Kup==0)
  28   4                                      {
  29   5                                              if(Kp1==0)
  30   5                                              {
  31   6                                                      sdat[0]='0';
  32   6                                                      sdat[1]='1';
  33   6                                              }
  34   5                                              else if(Kp2==0)
  35   5                                              {
  36   6                                                      sdat[0]='0';
  37   6                                                      sdat[1]='2';
  38   6                                              }
  39   5                                              else if(Kp3==0)
  40   5                                              {
  41   6                                                      sdat[0]='0';
  42   6                                                      sdat[1]='3';
  43   6                                              }
  44   5                                      }
  45   4                              }
  46   3                              else if(Kdon==0){
  47   4                                      delay(100);
  48   4                                      if(Kdon==0)
  49   4                                      {
  50   5                                              if(Kp1==0)
  51   5                                              {
  52   6                                                      sdat[0]='1';
  53   6                                                      sdat[1]='1';
  54   6                                              }
C51 COMPILER V9.59.0.0   MAIN                                                              10/13/2019 20:42:21 PAGE 2   

  55   5                                              else if(Kp2==0)
  56   5                                              {
  57   6                                                      sdat[0]='1';
  58   6                                                      sdat[1]='2';
  59   6                                              }
  60   5                                              else if(Kp3==0)
  61   5                                              {
  62   6                                                      sdat[0]='1';
  63   6                                                      sdat[1]='3';
  64   6                                              }
  65   5                                      }
  66   4                              }
  67   3                              else {
  68   4                                      sdat[0]='0';
  69   4                                      sdat[1]='0';
  70   4                              }
  71   3                              SendString(sdat,2);
  72   3                              SendString("\r\n",2);
  73   3                      }
  74   2                      if(USART_RX_STA&0x8000)
  75   2                      {                                          
  76   3                              len=USART_RX_STA&0x3fff;//得到此次接收到的数据长度
  77   3      //                      SendString(USART_RX_BUF,len);
  78   3                              USART_RX_BUF[len]='\0';
  79   3                              OLED_ShowString(45,4, "    ",16);
  80   3                              OLED_ShowString(45,4, USART_RX_BUF,16);
  81   3                              USART_RX_STA=0;
  82   3                      }
  83   2              }
  84   1      }


MODULE INFORMATION:   STATIC OVERLAYABLE
   CODE SIZE        =    270    ----
   CONSTANT SIZE    =     35    ----
   XDATA SIZE       =   ----    ----
   PDATA SIZE       =   ----    ----
   DATA SIZE        =   ----       6
   IDATA SIZE       =   ----    ----
   BIT SIZE         =   ----    ----
END OF MODULE INFORMATION.


C51 COMPILATION COMPLETE.  0 WARNING(S),  0 ERROR(S)
