C51 COMPILER V9.59.0.0   MAIN                                                              10/18/2019 20:37:27 PAGE 1   


C51 COMPILER V9.59.0.0, COMPILATION OF MODULE MAIN
OBJECT MODULE PLACED IN .\Objects\main.obj
COMPILER INVOKED BY: C:\Keil_v5\C51\BIN\C51.EXE main.c OPTIMIZE(8,SPEED) BROWSE INCDIR(.\SRC) DEBUG OBJECTEXTEND PRINT(.
                    -\Listings\main.lst) OBJECT(.\Objects\main.obj)

line level    source

   1          //90-115
   2          
   3          #include <STC89C52.h>
   4          #include "uart.h"
   5          #include "config.h"
   6          #include "stdio.h"
   7          unsigned int count_motto1=0;//速度格子计数
   8          unsigned int count_motto2=0;
   9          unsigned int mediumSpeed=0;
  10          unsigned char moto_1=0;//占空比
  11          unsigned char moto_2=0;
  12          
  13          unsigned char fangXiang=1;
  14          void delay(unsigned int i)
  15          {
  16   1              while(i--);
  17   1      }
  18          void Int0Init()
  19          {
  20   1              //设置INT0
  21   1              IT0=1;//跳变沿出发方式（下降沿）
  22   1              EX0=1;//打开INT0的中断允许。 
  23   1              EA=1;//打开总中断 
  24   1      }
  25          void Int1Init()
  26          {
  27   1              //设置INT1
  28   1              IT1=1;//跳变沿出发方式（下降沿）
  29   1              EX1=1;//打开INT1的中断允许。 
  30   1              EA=1;//打开总中断 
  31   1      }
  32          void InitTimer0(void)
  33          {
  34   1          TMOD |= 0x01;//10000us
  35   1          TH0 = 0x0B8;
  36   1          TL0 = 0x00;
  37   1          EA = 1;
  38   1          ET0 = 1;
  39   1          TR0 = 1;
  40   1      }
  41          void InitTimer2(void)//100us秒中断一次
  42          {
  43   1              T2MOD = 0;              //初始化模式寄存器
  44   1              T2CON = 0;              //初始化控制寄存器
  45   1              TL2 = 0xFF;             //设置定时初值
  46   1              TH2 = 0xA4;             //设置定时初值
  47   1              RCAP2L = 0xFF;          //设置定时重载值
  48   1              RCAP2H = 0xA4;          //设置定时重载值
  49   1              TR2 = 1;                //定时器2开始计时       
  50   1              ET2 =1; 
  51   1      }
  52          void main()
  53          {
  54   1              unsigned char len;
C51 COMPILER V9.59.0.0   MAIN                                                              10/18/2019 20:37:27 PAGE 2   

  55   1              unsigned char sdat[5];
  56   1              unsigned int time=0;
  57   1              InitUART();
  58   1              Int0Init();
  59   1              Int1Init();
  60   1              InitTimer0();
  61   1              InitTimer2();
  62   1              while(1)
  63   1              {
  64   2                      time++;
  65   2                      if(time==2000)
  66   2                      {
  67   3                              time=0;
  68   3                              if(mediumSpeed<=60){
  69   4                                      Red_led = 0;
  70   4                                      gre_led = 1;
  71   4                                      blu_led = 1;
  72   4                                      
  73   4                              }else if(mediumSpeed<=93){
  74   4                                      Red_led = 1;
  75   4                                      gre_led = 0;
  76   4                                      blu_led = 1;
  77   4                              }else
  78   3                              {
  79   4                                      Red_led = 1;
  80   4                                      gre_led = 1;
  81   4                                      blu_led = 0;
  82   4                              }
  83   3                              sprintf(sdat,"%d",mediumSpeed);
  84   3                              SendString(sdat,3);
  85   3                              SendString("\r\n",2);
  86   3                      }
  87   2                      
  88   2                      if(USART_RX_STA&0x8000){                                           
  89   3                              len=USART_RX_STA&0x3fff;//得到此次接收到的数据长度
  90   3      
  91   3                              if(USART_RX_BUF[0]=='0')
  92   3                              {
  93   4                                      fangXiang=1;
  94   4                                      
  95   4                                      IN2=0;
  96   4                                      IN4=0;
  97   4                                      if(USART_RX_BUF[1]=='1')
  98   4                                      {
  99   5                                              moto_1=200;
 100   5                                              moto_2=200;
 101   5                                      }else if(USART_RX_BUF[1]=='2')
 102   4                                      {
 103   5                                              moto_1=125;
 104   5                                              moto_2=125;
 105   5                                      }else if(USART_RX_BUF[1]=='3')
 106   4                                      {
 107   5                                              moto_1=10;
 108   5                                              moto_2=10;
 109   5                                      }else if(USART_RX_BUF[1]=='0')
 110   4                                      {
 111   5                                              moto_1=0;
 112   5                                              moto_2=0;
 113   5                                      }
 114   4                              }else if(USART_RX_BUF[0]=='1')
 115   3                              {
 116   4                                      fangXiang=0;
C51 COMPILER V9.59.0.0   MAIN                                                              10/18/2019 20:37:27 PAGE 3   

 117   4                                      
 118   4                                      IN1=0;
 119   4                                      IN3=0;
 120   4                                      if(USART_RX_BUF[1]=='1')
 121   4                                      {
 122   5                                              moto_1=200;
 123   5                                              moto_2=200;
 124   5                                      }else if(USART_RX_BUF[1]=='2')
 125   4                                      {
 126   5                                              moto_1=125;
 127   5                                              moto_2=125;
 128   5                                      }else if(USART_RX_BUF[1]=='3')
 129   4                                      {
 130   5                                              moto_1=10;
 131   5                                              moto_2=10;
 132   5                                      }
 133   4                              }
 134   3                              USART_RX_STA=0;
 135   3                      }
 136   2              
 137   2              
 138   2              }
 139   1      }
 140          void Int0() interrupt 0  //外部中断0的中断函数
 141          {
 142   1              count_motto1++;
 143   1      }
 144          void Int1() interrupt 2  //外部中断1的中断函数
 145          {
 146   1              count_motto2++;
 147   1      }
 148          void Timer0Interrupt(void) interrupt 1
 149          {
 150   1              static count =0;
 151   1          TH0 = 0x0B8;
 152   1          TL0 = 0x00;
 153   1          //add your code here!
 154   1              count++;
 155   1              if(count>=100)
 156   1              {
 157   2                      count=0;
 158   2      //              SendOneByte(count_motto1);
 159   2      //              SendOneByte(count_motto2);
 160   2      //              SendOneByte(0xff);
 161   2                      mediumSpeed=(count_motto1+count_motto2)/2;
 162   2                      count_motto1=0;
 163   2                      count_motto2=0;
 164   2              }
 165   1              
 166   1      }
 167          
 168          
 169          void Timer1Interrupt(void) interrupt 5 using 1
 170          {
 171   1              static unsigned char i=0;
 172   1          //add your code here!
 173   1              i++;
 174   1              if(fangXiang==1){
 175   2                      if(i>=255)
 176   2                      {
 177   3                              i=0;
 178   3                              IN1=0;
C51 COMPILER V9.59.0.0   MAIN                                                              10/18/2019 20:37:27 PAGE 4   

 179   3                              IN3=0;
 180   3                      }
 181   2                      else{
 182   3                              if(i==moto_1)
 183   3                              {
 184   4                                      IN1=1;
 185   4                              }
 186   3                              if(i==moto_2)
 187   3                              {
 188   4                                      IN3=1;
 189   4                              }
 190   3                      }
 191   2              }else if(fangXiang==0){
 192   2                      if(i>=255)
 193   2                      {
 194   3                              i=0;
 195   3                              IN2=0;
 196   3                              IN4=0;
 197   3                      }
 198   2                      else{
 199   3                              if(i==moto_1)
 200   3                              {
 201   4                                      IN2=1;
 202   4                              }
 203   3                              if(i==moto_2)
 204   3                              {
 205   4                                      IN4=1;
 206   4                              }
 207   3                      }
 208   2              }
 209   1      }


MODULE INFORMATION:   STATIC OVERLAYABLE
   CODE SIZE        =    508    ----
   CONSTANT SIZE    =      6    ----
   XDATA SIZE       =   ----    ----
   PDATA SIZE       =   ----    ----
   DATA SIZE        =     12       8
   IDATA SIZE       =   ----    ----
   BIT SIZE         =   ----    ----
END OF MODULE INFORMATION.


C51 COMPILATION COMPLETE.  0 WARNING(S),  0 ERROR(S)
