C51 COMPILER V9.59.0.0   MAIN                                                              10/08/2019 12:32:09 PAGE 1   


C51 COMPILER V9.59.0.0, COMPILATION OF MODULE MAIN
OBJECT MODULE PLACED IN .\Objects\main.obj
COMPILER INVOKED BY: C:\Keil_v5\C51\BIN\C51.EXE main.c OPTIMIZE(8,SPEED) BROWSE INCDIR(.\SRC) DEBUG OBJECTEXTEND PRINT(.
                    -\Listings\main.lst) OBJECT(.\Objects\main.obj)

line level    source

   1          #include <reg52.h>
   2          #include "config.h"
   3          #include "uart.h"
   4          unsigned int countTime=0;
   5          unsigned char Status=0x20;
   6          
   7          void delay(unsigned int i)
   8          {
   9   1              while(i--);
  10   1      }
  11          
  12          void uartDel(unsigned char DAT)
  13          {
  14   1              if(DAT==0xF0)
  15   1              {
  16   2                      Status=0x20;
  17   2              }
  18   1      }
  19          void main(void)
  20          {
  21   1      //      unsigned char len;
  22   1          InitUART();
  23   1              while(1)
  24   1              {
  25   2                      countTime++;
  26   2                      if(countTime==50000)//¥Û∏≈5√Î
  27   2                      {
  28   3                              countTime=0;
  29   3                              SendOneByte(Status);
  30   3                              SendString("\r\n",2);
  31   3                              if(Status==0x20)
  32   3                              {
  33   4                                      LED=0;
  34   4                              }else if(Status==0x21)
  35   3                              {
  36   4                                      LED=!LED;
  37   4                              }
  38   3                      }
  39   2                      if(KEY==0)
  40   2                      {
  41   3                              delay(100);
  42   3                              Status=0x21;
  43   3                              if(KEY==0)
  44   3                              {
  45   4              //                      SendOneByte(Status);
  46   4              //                      SendString("\r\n",2);
  47   4                                      while(KEY==0);
  48   4                              }
  49   3                      }
  50   2              }
  51   1      }


MODULE INFORMATION:   STATIC OVERLAYABLE
C51 COMPILER V9.59.0.0   MAIN                                                              10/08/2019 12:32:09 PAGE 2   

   CODE SIZE        =    111    ----
   CONSTANT SIZE    =      3    ----
   XDATA SIZE       =   ----    ----
   PDATA SIZE       =   ----    ----
   DATA SIZE        =      3    ----
   IDATA SIZE       =   ----    ----
   BIT SIZE         =   ----    ----
END OF MODULE INFORMATION.


C51 COMPILATION COMPLETE.  0 WARNING(S),  0 ERROR(S)
